[2019-05-07 07:02:01] laravel.EMERGENCY: Unable to create configured logger. Using emergency logger. {"exception":"[object] (InvalidArgumentException(code: 0): Log [] is not defined. at /Users/tycho/bespokeweb/packages/laravel-package-skeleton/vendor/laravel/framework/src/Illuminate/Log/LogManager.php:168)
[stacktrace]
#0 /Users/tycho/bespokeweb/packages/laravel-package-skeleton/vendor/laravel/framework/src/Illuminate/Log/LogManager.php(102): Illuminate\\Log\\LogManager->resolve(NULL)
#1 /Users/tycho/bespokeweb/packages/laravel-package-skeleton/vendor/laravel/framework/src/Illuminate/Log/LogManager.php(90): Illuminate\\Log\\LogManager->get(NULL)
#2 /Users/tycho/bespokeweb/packages/laravel-package-skeleton/vendor/laravel/framework/src/Illuminate/Log/LogManager.php(500): Illuminate\\Log\\LogManager->driver()
#3 /Users/tycho/bespokeweb/packages/laravel-package-skeleton/vendor/laravel/framework/src/Illuminate/Foundation/Exceptions/Handler.php(114): Illuminate\\Log\\LogManager->error('file_get_conten...', Array)
#4 /Users/tycho/bespokeweb/packages/laravel-package-skeleton/vendor/matthewbdaly/artisan-standalone/src/Exceptions/Handler.php(39): Illuminate\\Foundation\\Exceptions\\Handler->report(Object(ErrorException))
#5 /Users/tycho/bespokeweb/packages/laravel-package-skeleton/vendor/laravel/framework/src/Illuminate/Foundation/Console/Kernel.php(367): Matthewbdaly\\ArtisanStandalone\\Exceptions\\Handler->report(Object(ErrorException))
#6 /Users/tycho/bespokeweb/packages/laravel-package-skeleton/vendor/laravel/framework/src/Illuminate/Foundation/Console/Kernel.php(124): Illuminate\\Foundation\\Console\\Kernel->reportException(Object(ErrorException))
#7 /Users/tycho/bespokeweb/packages/laravel-package-skeleton/vendor/matthewbdaly/artisan-standalone/artisan(36): Illuminate\\Foundation\\Console\\Kernel->handle(Object(Symfony\\Component\\Console\\Input\\ArgvInput), Object(Symfony\\Component\\Console\\Output\\ConsoleOutput))
#8 /Users/tycho/bespokeweb/packages/laravel-package-skeleton/artisan(3): include('/Users/tycho/be...')
#9 {main}
"} 
[2019-05-07 07:02:01] laravel.ERROR: file_get_contents(/Users/tycho/bespokeweb/packages/laravel-package-skeleton/src/Helpers/../files/TestCase.php.php): failed to open stream: No such file or directory {"exception":"[object] (ErrorException(code: 0): file_get_contents(/Users/tycho/bespokeweb/packages/laravel-package-skeleton/src/Helpers/../files/TestCase.php.php): failed to open stream: No such file or directory at /Users/tycho/bespokeweb/packages/laravel-package-skeleton/src/Helpers/helpers.php:44)
[stacktrace]
#0 [internal function]: Illuminate\\Foundation\\Bootstrap\\HandleExceptions->handleError(2, 'file_get_conten...', '/Users/tycho/be...', 44, Array)
#1 /Users/tycho/bespokeweb/packages/laravel-package-skeleton/src/Helpers/helpers.php(44): file_get_contents('/Users/tycho/be...')
#2 /Users/tycho/bespokeweb/packages/laravel-package-skeleton/src/Helpers/helpers.php(59): default_file('TestCase.php')
#3 /Users/tycho/bespokeweb/packages/laravel-package-skeleton/src/Console/Commands/MakeSkeleton.php(203): file_replace('TestCase.php', Array, 'tests')
#4 /Users/tycho/bespokeweb/packages/laravel-package-skeleton/src/Console/Commands/MakeSkeleton.php(78): Tychovbh\\PackageSkeleton\\Console\\Commands\\MakeSkeleton->testsMake()
#5 [internal function]: Tychovbh\\PackageSkeleton\\Console\\Commands\\MakeSkeleton->handle()
#6 /Users/tycho/bespokeweb/packages/laravel-package-skeleton/vendor/laravel/framework/src/Illuminate/Container/BoundMethod.php(32): call_user_func_array(Array, Array)
#7 /Users/tycho/bespokeweb/packages/laravel-package-skeleton/vendor/laravel/framework/src/Illuminate/Container/BoundMethod.php(90): Illuminate\\Container\\BoundMethod::Illuminate\\Container\\{closure}()
#8 /Users/tycho/bespokeweb/packages/laravel-package-skeleton/vendor/laravel/framework/src/Illuminate/Container/BoundMethod.php(34): Illuminate\\Container\\BoundMethod::callBoundMethod(Object(Matthewbdaly\\ArtisanStandalone\\Base\\Application), Array, Object(Closure))
#9 /Users/tycho/bespokeweb/packages/laravel-package-skeleton/vendor/laravel/framework/src/Illuminate/Container/Container.php(576): Illuminate\\Container\\BoundMethod::call(Object(Matthewbdaly\\ArtisanStandalone\\Base\\Application), Array, Array, NULL)
#10 /Users/tycho/bespokeweb/packages/laravel-package-skeleton/vendor/laravel/framework/src/Illuminate/Console/Command.php(183): Illuminate\\Container\\Container->call(Array)
#11 /Users/tycho/bespokeweb/packages/laravel-package-skeleton/vendor/symfony/console/Command/Command.php(255): Illuminate\\Console\\Command->execute(Object(Symfony\\Component\\Console\\Input\\ArgvInput), Object(Illuminate\\Console\\OutputStyle))
#12 /Users/tycho/bespokeweb/packages/laravel-package-skeleton/vendor/laravel/framework/src/Illuminate/Console/Command.php(170): Symfony\\Component\\Console\\Command\\Command->run(Object(Symfony\\Component\\Console\\Input\\ArgvInput), Object(Illuminate\\Console\\OutputStyle))
#13 /Users/tycho/bespokeweb/packages/laravel-package-skeleton/vendor/symfony/console/Application.php(908): Illuminate\\Console\\Command->run(Object(Symfony\\Component\\Console\\Input\\ArgvInput), Object(Symfony\\Component\\Console\\Output\\ConsoleOutput))
#14 /Users/tycho/bespokeweb/packages/laravel-package-skeleton/vendor/symfony/console/Application.php(269): Symfony\\Component\\Console\\Application->doRunCommand(Object(Tychovbh\\PackageSkeleton\\Console\\Commands\\MakeSkeleton), Object(Symfony\\Component\\Console\\Input\\ArgvInput), Object(Symfony\\Component\\Console\\Output\\ConsoleOutput))
#15 /Users/tycho/bespokeweb/packages/laravel-package-skeleton/vendor/symfony/console/Application.php(145): Symfony\\Component\\Console\\Application->doRun(Object(Symfony\\Component\\Console\\Input\\ArgvInput), Object(Symfony\\Component\\Console\\Output\\ConsoleOutput))
#16 /Users/tycho/bespokeweb/packages/laravel-package-skeleton/vendor/laravel/framework/src/Illuminate/Console/Application.php(90): Symfony\\Component\\Console\\Application->run(Object(Symfony\\Component\\Console\\Input\\ArgvInput), Object(Symfony\\Component\\Console\\Output\\ConsoleOutput))
#17 /Users/tycho/bespokeweb/packages/laravel-package-skeleton/vendor/laravel/framework/src/Illuminate/Foundation/Console/Kernel.php(122): Illuminate\\Console\\Application->run(Object(Symfony\\Component\\Console\\Input\\ArgvInput), Object(Symfony\\Component\\Console\\Output\\ConsoleOutput))
#18 /Users/tycho/bespokeweb/packages/laravel-package-skeleton/vendor/matthewbdaly/artisan-standalone/artisan(36): Illuminate\\Foundation\\Console\\Kernel->handle(Object(Symfony\\Component\\Console\\Input\\ArgvInput), Object(Symfony\\Component\\Console\\Output\\ConsoleOutput))
#19 /Users/tycho/bespokeweb/packages/laravel-package-skeleton/artisan(3): include('/Users/tycho/be...')
#20 {main}
"} 
[2019-05-07 07:02:30] laravel.EMERGENCY: Unable to create configured logger. Using emergency logger. {"exception":"[object] (InvalidArgumentException(code: 0): Log [] is not defined. at /Users/tycho/bespokeweb/packages/laravel-package-skeleton/vendor/laravel/framework/src/Illuminate/Log/LogManager.php:168)
[stacktrace]
#0 /Users/tycho/bespokeweb/packages/laravel-package-skeleton/vendor/laravel/framework/src/Illuminate/Log/LogManager.php(102): Illuminate\\Log\\LogManager->resolve(NULL)
#1 /Users/tycho/bespokeweb/packages/laravel-package-skeleton/vendor/laravel/framework/src/Illuminate/Log/LogManager.php(90): Illuminate\\Log\\LogManager->get(NULL)
#2 /Users/tycho/bespokeweb/packages/laravel-package-skeleton/vendor/laravel/framework/src/Illuminate/Log/LogManager.php(500): Illuminate\\Log\\LogManager->driver()
#3 /Users/tycho/bespokeweb/packages/laravel-package-skeleton/vendor/laravel/framework/src/Illuminate/Foundation/Exceptions/Handler.php(114): Illuminate\\Log\\LogManager->error('file_get_conten...', Array)
#4 /Users/tycho/bespokeweb/packages/laravel-package-skeleton/vendor/matthewbdaly/artisan-standalone/src/Exceptions/Handler.php(39): Illuminate\\Foundation\\Exceptions\\Handler->report(Object(ErrorException))
#5 /Users/tycho/bespokeweb/packages/laravel-package-skeleton/vendor/laravel/framework/src/Illuminate/Foundation/Console/Kernel.php(367): Matthewbdaly\\ArtisanStandalone\\Exceptions\\Handler->report(Object(ErrorException))
#6 /Users/tycho/bespokeweb/packages/laravel-package-skeleton/vendor/laravel/framework/src/Illuminate/Foundation/Console/Kernel.php(124): Illuminate\\Foundation\\Console\\Kernel->reportException(Object(ErrorException))
#7 /Users/tycho/bespokeweb/packages/laravel-package-skeleton/vendor/matthewbdaly/artisan-standalone/artisan(36): Illuminate\\Foundation\\Console\\Kernel->handle(Object(Symfony\\Component\\Console\\Input\\ArgvInput), Object(Symfony\\Component\\Console\\Output\\ConsoleOutput))
#8 /Users/tycho/bespokeweb/packages/laravel-package-skeleton/artisan(3): include('/Users/tycho/be...')
#9 {main}
"} 
[2019-05-07 07:02:30] laravel.ERROR: file_get_contents(/Users/tycho/bespokeweb/packages/laravel-package-skeleton/src/Helpers/../../files/TestCase.php.php): failed to open stream: No such file or directory {"exception":"[object] (ErrorException(code: 0): file_get_contents(/Users/tycho/bespokeweb/packages/laravel-package-skeleton/src/Helpers/../../files/TestCase.php.php): failed to open stream: No such file or directory at /Users/tycho/bespokeweb/packages/laravel-package-skeleton/src/Helpers/helpers.php:44)
[stacktrace]
#0 [internal function]: Illuminate\\Foundation\\Bootstrap\\HandleExceptions->handleError(2, 'file_get_conten...', '/Users/tycho/be...', 44, Array)
#1 /Users/tycho/bespokeweb/packages/laravel-package-skeleton/src/Helpers/helpers.php(44): file_get_contents('/Users/tycho/be...')
#2 /Users/tycho/bespokeweb/packages/laravel-package-skeleton/src/Helpers/helpers.php(59): default_file('TestCase.php')
#3 /Users/tycho/bespokeweb/packages/laravel-package-skeleton/src/Console/Commands/MakeSkeleton.php(203): file_replace('TestCase.php', Array, 'tests')
#4 /Users/tycho/bespokeweb/packages/laravel-package-skeleton/src/Console/Commands/MakeSkeleton.php(78): Tychovbh\\PackageSkeleton\\Console\\Commands\\MakeSkeleton->testsMake()
#5 [internal function]: Tychovbh\\PackageSkeleton\\Console\\Commands\\MakeSkeleton->handle()
#6 /Users/tycho/bespokeweb/packages/laravel-package-skeleton/vendor/laravel/framework/src/Illuminate/Container/BoundMethod.php(32): call_user_func_array(Array, Array)
#7 /Users/tycho/bespokeweb/packages/laravel-package-skeleton/vendor/laravel/framework/src/Illuminate/Container/BoundMethod.php(90): Illuminate\\Container\\BoundMethod::Illuminate\\Container\\{closure}()
#8 /Users/tycho/bespokeweb/packages/laravel-package-skeleton/vendor/laravel/framework/src/Illuminate/Container/BoundMethod.php(34): Illuminate\\Container\\BoundMethod::callBoundMethod(Object(Matthewbdaly\\ArtisanStandalone\\Base\\Application), Array, Object(Closure))
#9 /Users/tycho/bespokeweb/packages/laravel-package-skeleton/vendor/laravel/framework/src/Illuminate/Container/Container.php(576): Illuminate\\Container\\BoundMethod::call(Object(Matthewbdaly\\ArtisanStandalone\\Base\\Application), Array, Array, NULL)
#10 /Users/tycho/bespokeweb/packages/laravel-package-skeleton/vendor/laravel/framework/src/Illuminate/Console/Command.php(183): Illuminate\\Container\\Container->call(Array)
#11 /Users/tycho/bespokeweb/packages/laravel-package-skeleton/vendor/symfony/console/Command/Command.php(255): Illuminate\\Console\\Command->execute(Object(Symfony\\Component\\Console\\Input\\ArgvInput), Object(Illuminate\\Console\\OutputStyle))
#12 /Users/tycho/bespokeweb/packages/laravel-package-skeleton/vendor/laravel/framework/src/Illuminate/Console/Command.php(170): Symfony\\Component\\Console\\Command\\Command->run(Object(Symfony\\Component\\Console\\Input\\ArgvInput), Object(Illuminate\\Console\\OutputStyle))
#13 /Users/tycho/bespokeweb/packages/laravel-package-skeleton/vendor/symfony/console/Application.php(908): Illuminate\\Console\\Command->run(Object(Symfony\\Component\\Console\\Input\\ArgvInput), Object(Symfony\\Component\\Console\\Output\\ConsoleOutput))
#14 /Users/tycho/bespokeweb/packages/laravel-package-skeleton/vendor/symfony/console/Application.php(269): Symfony\\Component\\Console\\Application->doRunCommand(Object(Tychovbh\\PackageSkeleton\\Console\\Commands\\MakeSkeleton), Object(Symfony\\Component\\Console\\Input\\ArgvInput), Object(Symfony\\Component\\Console\\Output\\ConsoleOutput))
#15 /Users/tycho/bespokeweb/packages/laravel-package-skeleton/vendor/symfony/console/Application.php(145): Symfony\\Component\\Console\\Application->doRun(Object(Symfony\\Component\\Console\\Input\\ArgvInput), Object(Symfony\\Component\\Console\\Output\\ConsoleOutput))
#16 /Users/tycho/bespokeweb/packages/laravel-package-skeleton/vendor/laravel/framework/src/Illuminate/Console/Application.php(90): Symfony\\Component\\Console\\Application->run(Object(Symfony\\Component\\Console\\Input\\ArgvInput), Object(Symfony\\Component\\Console\\Output\\ConsoleOutput))
#17 /Users/tycho/bespokeweb/packages/laravel-package-skeleton/vendor/laravel/framework/src/Illuminate/Foundation/Console/Kernel.php(122): Illuminate\\Console\\Application->run(Object(Symfony\\Component\\Console\\Input\\ArgvInput), Object(Symfony\\Component\\Console\\Output\\ConsoleOutput))
#18 /Users/tycho/bespokeweb/packages/laravel-package-skeleton/vendor/matthewbdaly/artisan-standalone/artisan(36): Illuminate\\Foundation\\Console\\Kernel->handle(Object(Symfony\\Component\\Console\\Input\\ArgvInput), Object(Symfony\\Component\\Console\\Output\\ConsoleOutput))
#19 /Users/tycho/bespokeweb/packages/laravel-package-skeleton/artisan(3): include('/Users/tycho/be...')
#20 {main}
"} 
[2019-05-07 07:06:34] laravel.EMERGENCY: Unable to create configured logger. Using emergency logger. {"exception":"[object] (InvalidArgumentException(code: 0): Log [] is not defined. at /Users/tycho/bespokeweb/packages/laravel-package-skeleton/vendor/laravel/framework/src/Illuminate/Log/LogManager.php:168)
[stacktrace]
#0 /Users/tycho/bespokeweb/packages/laravel-package-skeleton/vendor/laravel/framework/src/Illuminate/Log/LogManager.php(102): Illuminate\\Log\\LogManager->resolve(NULL)
#1 /Users/tycho/bespokeweb/packages/laravel-package-skeleton/vendor/laravel/framework/src/Illuminate/Log/LogManager.php(90): Illuminate\\Log\\LogManager->get(NULL)
#2 /Users/tycho/bespokeweb/packages/laravel-package-skeleton/vendor/laravel/framework/src/Illuminate/Log/LogManager.php(500): Illuminate\\Log\\LogManager->driver()
#3 /Users/tycho/bespokeweb/packages/laravel-package-skeleton/vendor/laravel/framework/src/Illuminate/Foundation/Exceptions/Handler.php(114): Illuminate\\Log\\LogManager->error('file_get_conten...', Array)
#4 /Users/tycho/bespokeweb/packages/laravel-package-skeleton/vendor/matthewbdaly/artisan-standalone/src/Exceptions/Handler.php(39): Illuminate\\Foundation\\Exceptions\\Handler->report(Object(ErrorException))
#5 /Users/tycho/bespokeweb/packages/laravel-package-skeleton/vendor/laravel/framework/src/Illuminate/Foundation/Console/Kernel.php(367): Matthewbdaly\\ArtisanStandalone\\Exceptions\\Handler->report(Object(ErrorException))
#6 /Users/tycho/bespokeweb/packages/laravel-package-skeleton/vendor/laravel/framework/src/Illuminate/Foundation/Console/Kernel.php(124): Illuminate\\Foundation\\Console\\Kernel->reportException(Object(ErrorException))
#7 /Users/tycho/bespokeweb/packages/laravel-package-skeleton/vendor/matthewbdaly/artisan-standalone/artisan(36): Illuminate\\Foundation\\Console\\Kernel->handle(Object(Symfony\\Component\\Console\\Input\\ArgvInput), Object(Symfony\\Component\\Console\\Output\\ConsoleOutput))
#8 /Users/tycho/bespokeweb/packages/laravel-package-skeleton/artisan(3): include('/Users/tycho/be...')
#9 {main}
"} 
[2019-05-07 07:06:34] laravel.ERROR: file_get_contents(/Users/tycho/bespokeweb/packages/laravel-package-skeleton/src/Helpers/../files/test.json): failed to open stream: No such file or directory {"exception":"[object] (ErrorException(code: 0): file_get_contents(/Users/tycho/bespokeweb/packages/laravel-package-skeleton/src/Helpers/../files/test.json): failed to open stream: No such file or directory at /Users/tycho/bespokeweb/packages/laravel-package-skeleton/src/Helpers/helpers.php:44)
[stacktrace]
#0 [internal function]: Illuminate\\Foundation\\Bootstrap\\HandleExceptions->handleError(2, 'file_get_conten...', '/Users/tycho/be...', 44, Array)
#1 /Users/tycho/bespokeweb/packages/laravel-package-skeleton/src/Helpers/helpers.php(44): file_get_contents('/Users/tycho/be...')
#2 /Users/tycho/bespokeweb/packages/laravel-package-skeleton/src/Helpers/helpers.php(59): default_file('test.json')
#3 /Users/tycho/bespokeweb/packages/laravel-package-skeleton/src/Console/Commands/MakeSkeleton.php(105): file_replace('test.json', Array)
#4 /Users/tycho/bespokeweb/packages/laravel-package-skeleton/src/Console/Commands/MakeSkeleton.php(78): Tychovbh\\PackageSkeleton\\Console\\Commands\\MakeSkeleton->composerMake()
#5 [internal function]: Tychovbh\\PackageSkeleton\\Console\\Commands\\MakeSkeleton->handle()
#6 /Users/tycho/bespokeweb/packages/laravel-package-skeleton/vendor/laravel/framework/src/Illuminate/Container/BoundMethod.php(32): call_user_func_array(Array, Array)
#7 /Users/tycho/bespokeweb/packages/laravel-package-skeleton/vendor/laravel/framework/src/Illuminate/Container/BoundMethod.php(90): Illuminate\\Container\\BoundMethod::Illuminate\\Container\\{closure}()
#8 /Users/tycho/bespokeweb/packages/laravel-package-skeleton/vendor/laravel/framework/src/Illuminate/Container/BoundMethod.php(34): Illuminate\\Container\\BoundMethod::callBoundMethod(Object(Matthewbdaly\\ArtisanStandalone\\Base\\Application), Array, Object(Closure))
#9 /Users/tycho/bespokeweb/packages/laravel-package-skeleton/vendor/laravel/framework/src/Illuminate/Container/Container.php(576): Illuminate\\Container\\BoundMethod::call(Object(Matthewbdaly\\ArtisanStandalone\\Base\\Application), Array, Array, NULL)
#10 /Users/tycho/bespokeweb/packages/laravel-package-skeleton/vendor/laravel/framework/src/Illuminate/Console/Command.php(183): Illuminate\\Container\\Container->call(Array)
#11 /Users/tycho/bespokeweb/packages/laravel-package-skeleton/vendor/symfony/console/Command/Command.php(255): Illuminate\\Console\\Command->execute(Object(Symfony\\Component\\Console\\Input\\ArgvInput), Object(Illuminate\\Console\\OutputStyle))
#12 /Users/tycho/bespokeweb/packages/laravel-package-skeleton/vendor/laravel/framework/src/Illuminate/Console/Command.php(170): Symfony\\Component\\Console\\Command\\Command->run(Object(Symfony\\Component\\Console\\Input\\ArgvInput), Object(Illuminate\\Console\\OutputStyle))
#13 /Users/tycho/bespokeweb/packages/laravel-package-skeleton/vendor/symfony/console/Application.php(908): Illuminate\\Console\\Command->run(Object(Symfony\\Component\\Console\\Input\\ArgvInput), Object(Symfony\\Component\\Console\\Output\\ConsoleOutput))
#14 /Users/tycho/bespokeweb/packages/laravel-package-skeleton/vendor/symfony/console/Application.php(269): Symfony\\Component\\Console\\Application->doRunCommand(Object(Tychovbh\\PackageSkeleton\\Console\\Commands\\MakeSkeleton), Object(Symfony\\Component\\Console\\Input\\ArgvInput), Object(Symfony\\Component\\Console\\Output\\ConsoleOutput))
#15 /Users/tycho/bespokeweb/packages/laravel-package-skeleton/vendor/symfony/console/Application.php(145): Symfony\\Component\\Console\\Application->doRun(Object(Symfony\\Component\\Console\\Input\\ArgvInput), Object(Symfony\\Component\\Console\\Output\\ConsoleOutput))
#16 /Users/tycho/bespokeweb/packages/laravel-package-skeleton/vendor/laravel/framework/src/Illuminate/Console/Application.php(90): Symfony\\Component\\Console\\Application->run(Object(Symfony\\Component\\Console\\Input\\ArgvInput), Object(Symfony\\Component\\Console\\Output\\ConsoleOutput))
#17 /Users/tycho/bespokeweb/packages/laravel-package-skeleton/vendor/laravel/framework/src/Illuminate/Foundation/Console/Kernel.php(122): Illuminate\\Console\\Application->run(Object(Symfony\\Component\\Console\\Input\\ArgvInput), Object(Symfony\\Component\\Console\\Output\\ConsoleOutput))
#18 /Users/tycho/bespokeweb/packages/laravel-package-skeleton/vendor/matthewbdaly/artisan-standalone/artisan(36): Illuminate\\Foundation\\Console\\Kernel->handle(Object(Symfony\\Component\\Console\\Input\\ArgvInput), Object(Symfony\\Component\\Console\\Output\\ConsoleOutput))
#19 /Users/tycho/bespokeweb/packages/laravel-package-skeleton/artisan(3): include('/Users/tycho/be...')
#20 {main}
"} 
[2019-05-07 07:25:18] laravel.EMERGENCY: Unable to create configured logger. Using emergency logger. {"exception":"[object] (InvalidArgumentException(code: 0): Log [] is not defined. at /Users/tycho/bespokeweb/packages/laravel-package-skeleton/vendor/laravel/framework/src/Illuminate/Log/LogManager.php:168)
[stacktrace]
#0 /Users/tycho/bespokeweb/packages/laravel-package-skeleton/vendor/laravel/framework/src/Illuminate/Log/LogManager.php(102): Illuminate\\Log\\LogManager->resolve(NULL)
#1 /Users/tycho/bespokeweb/packages/laravel-package-skeleton/vendor/laravel/framework/src/Illuminate/Log/LogManager.php(90): Illuminate\\Log\\LogManager->get(NULL)
#2 /Users/tycho/bespokeweb/packages/laravel-package-skeleton/vendor/laravel/framework/src/Illuminate/Log/LogManager.php(500): Illuminate\\Log\\LogManager->driver()
#3 /Users/tycho/bespokeweb/packages/laravel-package-skeleton/vendor/laravel/framework/src/Illuminate/Foundation/Exceptions/Handler.php(114): Illuminate\\Log\\LogManager->error('syntax error, u...', Array)
#4 /Users/tycho/bespokeweb/packages/laravel-package-skeleton/vendor/matthewbdaly/artisan-standalone/src/Exceptions/Handler.php(39): Illuminate\\Foundation\\Exceptions\\Handler->report(Object(Symfony\\Component\\Debug\\Exception\\FatalThrowableError))
#5 /Users/tycho/bespokeweb/packages/laravel-package-skeleton/vendor/laravel/framework/src/Illuminate/Foundation/Console/Kernel.php(367): Matthewbdaly\\ArtisanStandalone\\Exceptions\\Handler->report(Object(Symfony\\Component\\Debug\\Exception\\FatalThrowableError))
#6 /Users/tycho/bespokeweb/packages/laravel-package-skeleton/vendor/laravel/framework/src/Illuminate/Foundation/Console/Kernel.php(132): Illuminate\\Foundation\\Console\\Kernel->reportException(Object(Symfony\\Component\\Debug\\Exception\\FatalThrowableError))
#7 /Users/tycho/bespokeweb/packages/laravel-package-skeleton/vendor/matthewbdaly/artisan-standalone/artisan(36): Illuminate\\Foundation\\Console\\Kernel->handle(Object(Symfony\\Component\\Console\\Input\\ArgvInput), Object(Symfony\\Component\\Console\\Output\\ConsoleOutput))
#8 /Users/tycho/bespokeweb/packages/laravel-package-skeleton/artisan(3): include('/Users/tycho/be...')
#9 {main}
"} 
[2019-05-07 07:25:18] laravel.ERROR: syntax error, unexpected 'file_replace' (T_STRING) {"exception":"[object] (Symfony\\Component\\Debug\\Exception\\FatalThrowableError(code: 0): syntax error, unexpected 'file_replace' (T_STRING) at /Users/tycho/bespokeweb/packages/laravel-package-skeleton/src/Console/Commands/MakeSkeleton.php:95)
[stacktrace]
#0 /Users/tycho/bespokeweb/packages/laravel-package-skeleton/vendor/composer/ClassLoader.php(322): Composer\\Autoload\\includeFile('/Users/tycho/be...')
#1 [internal function]: Composer\\Autoload\\ClassLoader->loadClass('Tychovbh\\\\Packag...')
#2 [internal function]: spl_autoload_call('Tychovbh\\\\Packag...')
#3 /Users/tycho/bespokeweb/packages/laravel-package-skeleton/vendor/laravel/framework/src/Illuminate/Container/Container.php(790): ReflectionClass->__construct('Tychovbh\\\\Packag...')
#4 /Users/tycho/bespokeweb/packages/laravel-package-skeleton/vendor/laravel/framework/src/Illuminate/Container/Container.php(667): Illuminate\\Container\\Container->build('Tychovbh\\\\Packag...')
#5 /Users/tycho/bespokeweb/packages/laravel-package-skeleton/vendor/laravel/framework/src/Illuminate/Container/Container.php(615): Illuminate\\Container\\Container->resolve('Tychovbh\\\\Packag...', Array)
#6 /Users/tycho/bespokeweb/packages/laravel-package-skeleton/vendor/laravel/framework/src/Illuminate/Foundation/Application.php(757): Illuminate\\Container\\Container->make('Tychovbh\\\\Packag...', Array)
#7 /Users/tycho/bespokeweb/packages/laravel-package-skeleton/vendor/laravel/framework/src/Illuminate/Console/Application.php(258): Illuminate\\Foundation\\Application->make('Tychovbh\\\\Packag...')
#8 /Users/tycho/bespokeweb/packages/laravel-package-skeleton/vendor/laravel/framework/src/Illuminate/Console/Application.php(272): Illuminate\\Console\\Application->resolve('Tychovbh\\\\Packag...')
#9 /Users/tycho/bespokeweb/packages/laravel-package-skeleton/vendor/laravel/framework/src/Illuminate/Support/ServiceProvider.php(282): Illuminate\\Console\\Application->resolveCommands(Array)
#10 /Users/tycho/bespokeweb/packages/laravel-package-skeleton/vendor/laravel/framework/src/Illuminate/Console/Application.php(149): Illuminate\\Support\\ServiceProvider->Illuminate\\Support\\{closure}(Object(Illuminate\\Console\\Application))
#11 /Users/tycho/bespokeweb/packages/laravel-package-skeleton/vendor/laravel/framework/src/Illuminate/Console/Application.php(72): Illuminate\\Console\\Application->bootstrap()
#12 /Users/tycho/bespokeweb/packages/laravel-package-skeleton/vendor/laravel/framework/src/Illuminate/Foundation/Console/Kernel.php(331): Illuminate\\Console\\Application->__construct(Object(Matthewbdaly\\ArtisanStandalone\\Base\\Application), Object(Illuminate\\Events\\Dispatcher), '5.8.15')
#13 /Users/tycho/bespokeweb/packages/laravel-package-skeleton/vendor/laravel/framework/src/Illuminate/Foundation/Console/Kernel.php(122): Illuminate\\Foundation\\Console\\Kernel->getArtisan()
#14 /Users/tycho/bespokeweb/packages/laravel-package-skeleton/vendor/matthewbdaly/artisan-standalone/artisan(36): Illuminate\\Foundation\\Console\\Kernel->handle(Object(Symfony\\Component\\Console\\Input\\ArgvInput), Object(Symfony\\Component\\Console\\Output\\ConsoleOutput))
#15 /Users/tycho/bespokeweb/packages/laravel-package-skeleton/artisan(3): include('/Users/tycho/be...')
#16 {main}
"} 
[2019-05-07 07:31:41] laravel.EMERGENCY: Unable to create configured logger. Using emergency logger. {"exception":"[object] (InvalidArgumentException(code: 0): Log [] is not defined. at /Users/tycho/bespokeweb/packages/laravel-package-skeleton/vendor/laravel/framework/src/Illuminate/Log/LogManager.php:168)
[stacktrace]
#0 /Users/tycho/bespokeweb/packages/laravel-package-skeleton/vendor/laravel/framework/src/Illuminate/Log/LogManager.php(102): Illuminate\\Log\\LogManager->resolve(NULL)
#1 /Users/tycho/bespokeweb/packages/laravel-package-skeleton/vendor/laravel/framework/src/Illuminate/Log/LogManager.php(90): Illuminate\\Log\\LogManager->get(NULL)
#2 /Users/tycho/bespokeweb/packages/laravel-package-skeleton/vendor/laravel/framework/src/Illuminate/Log/LogManager.php(500): Illuminate\\Log\\LogManager->driver()
#3 /Users/tycho/bespokeweb/packages/laravel-package-skeleton/vendor/laravel/framework/src/Illuminate/Foundation/Exceptions/Handler.php(114): Illuminate\\Log\\LogManager->error('file_get_conten...', Array)
#4 /Users/tycho/bespokeweb/packages/laravel-package-skeleton/vendor/matthewbdaly/artisan-standalone/src/Exceptions/Handler.php(39): Illuminate\\Foundation\\Exceptions\\Handler->report(Object(ErrorException))
#5 /Users/tycho/bespokeweb/packages/laravel-package-skeleton/vendor/laravel/framework/src/Illuminate/Foundation/Console/Kernel.php(367): Matthewbdaly\\ArtisanStandalone\\Exceptions\\Handler->report(Object(ErrorException))
#6 /Users/tycho/bespokeweb/packages/laravel-package-skeleton/vendor/laravel/framework/src/Illuminate/Foundation/Console/Kernel.php(124): Illuminate\\Foundation\\Console\\Kernel->reportException(Object(ErrorException))
#7 /Users/tycho/bespokeweb/packages/laravel-package-skeleton/vendor/matthewbdaly/artisan-standalone/artisan(36): Illuminate\\Foundation\\Console\\Kernel->handle(Object(Symfony\\Component\\Console\\Input\\ArgvInput), Object(Symfony\\Component\\Console\\Output\\ConsoleOutput))
#8 /Users/tycho/bespokeweb/packages/laravel-package-skeleton/artisan(3): include('/Users/tycho/be...')
#9 {main}
"} 
[2019-05-07 07:31:41] laravel.ERROR: file_get_contents(/Users/tycho/bespokeweb/packages/laravel-package-skeleton/src/Helpers/../files/test.json): failed to open stream: No such file or directory {"exception":"[object] (ErrorException(code: 0): file_get_contents(/Users/tycho/bespokeweb/packages/laravel-package-skeleton/src/Helpers/../files/test.json): failed to open stream: No such file or directory at /Users/tycho/bespokeweb/packages/laravel-package-skeleton/src/Helpers/helpers.php:44)
[stacktrace]
#0 [internal function]: Illuminate\\Foundation\\Bootstrap\\HandleExceptions->handleError(2, 'file_get_conten...', '/Users/tycho/be...', 44, Array)
#1 /Users/tycho/bespokeweb/packages/laravel-package-skeleton/src/Helpers/helpers.php(44): file_get_contents('/Users/tycho/be...')
#2 /Users/tycho/bespokeweb/packages/laravel-package-skeleton/src/Helpers/helpers.php(59): default_file('test.json')
#3 /Users/tycho/bespokeweb/packages/laravel-package-skeleton/src/Console/Commands/MakeSkeleton.php(108): file_replace('test.json', Array, 'test.json')
#4 /Users/tycho/bespokeweb/packages/laravel-package-skeleton/src/Console/Commands/MakeSkeleton.php(78): Tychovbh\\PackageSkeleton\\Console\\Commands\\MakeSkeleton->composerMake()
#5 [internal function]: Tychovbh\\PackageSkeleton\\Console\\Commands\\MakeSkeleton->handle()
#6 /Users/tycho/bespokeweb/packages/laravel-package-skeleton/vendor/laravel/framework/src/Illuminate/Container/BoundMethod.php(32): call_user_func_array(Array, Array)
#7 /Users/tycho/bespokeweb/packages/laravel-package-skeleton/vendor/laravel/framework/src/Illuminate/Container/BoundMethod.php(90): Illuminate\\Container\\BoundMethod::Illuminate\\Container\\{closure}()
#8 /Users/tycho/bespokeweb/packages/laravel-package-skeleton/vendor/laravel/framework/src/Illuminate/Container/BoundMethod.php(34): Illuminate\\Container\\BoundMethod::callBoundMethod(Object(Matthewbdaly\\ArtisanStandalone\\Base\\Application), Array, Object(Closure))
#9 /Users/tycho/bespokeweb/packages/laravel-package-skeleton/vendor/laravel/framework/src/Illuminate/Container/Container.php(576): Illuminate\\Container\\BoundMethod::call(Object(Matthewbdaly\\ArtisanStandalone\\Base\\Application), Array, Array, NULL)
#10 /Users/tycho/bespokeweb/packages/laravel-package-skeleton/vendor/laravel/framework/src/Illuminate/Console/Command.php(183): Illuminate\\Container\\Container->call(Array)
#11 /Users/tycho/bespokeweb/packages/laravel-package-skeleton/vendor/symfony/console/Command/Command.php(255): Illuminate\\Console\\Command->execute(Object(Symfony\\Component\\Console\\Input\\ArgvInput), Object(Illuminate\\Console\\OutputStyle))
#12 /Users/tycho/bespokeweb/packages/laravel-package-skeleton/vendor/laravel/framework/src/Illuminate/Console/Command.php(170): Symfony\\Component\\Console\\Command\\Command->run(Object(Symfony\\Component\\Console\\Input\\ArgvInput), Object(Illuminate\\Console\\OutputStyle))
#13 /Users/tycho/bespokeweb/packages/laravel-package-skeleton/vendor/symfony/console/Application.php(908): Illuminate\\Console\\Command->run(Object(Symfony\\Component\\Console\\Input\\ArgvInput), Object(Symfony\\Component\\Console\\Output\\ConsoleOutput))
#14 /Users/tycho/bespokeweb/packages/laravel-package-skeleton/vendor/symfony/console/Application.php(269): Symfony\\Component\\Console\\Application->doRunCommand(Object(Tychovbh\\PackageSkeleton\\Console\\Commands\\MakeSkeleton), Object(Symfony\\Component\\Console\\Input\\ArgvInput), Object(Symfony\\Component\\Console\\Output\\ConsoleOutput))
#15 /Users/tycho/bespokeweb/packages/laravel-package-skeleton/vendor/symfony/console/Application.php(145): Symfony\\Component\\Console\\Application->doRun(Object(Symfony\\Component\\Console\\Input\\ArgvInput), Object(Symfony\\Component\\Console\\Output\\ConsoleOutput))
#16 /Users/tycho/bespokeweb/packages/laravel-package-skeleton/vendor/laravel/framework/src/Illuminate/Console/Application.php(90): Symfony\\Component\\Console\\Application->run(Object(Symfony\\Component\\Console\\Input\\ArgvInput), Object(Symfony\\Component\\Console\\Output\\ConsoleOutput))
#17 /Users/tycho/bespokeweb/packages/laravel-package-skeleton/vendor/laravel/framework/src/Illuminate/Foundation/Console/Kernel.php(122): Illuminate\\Console\\Application->run(Object(Symfony\\Component\\Console\\Input\\ArgvInput), Object(Symfony\\Component\\Console\\Output\\ConsoleOutput))
#18 /Users/tycho/bespokeweb/packages/laravel-package-skeleton/vendor/matthewbdaly/artisan-standalone/artisan(36): Illuminate\\Foundation\\Console\\Kernel->handle(Object(Symfony\\Component\\Console\\Input\\ArgvInput), Object(Symfony\\Component\\Console\\Output\\ConsoleOutput))
#19 /Users/tycho/bespokeweb/packages/laravel-package-skeleton/artisan(3): include('/Users/tycho/be...')
#20 {main}
"} 
[2019-05-07 07:31:49] laravel.EMERGENCY: Unable to create configured logger. Using emergency logger. {"exception":"[object] (InvalidArgumentException(code: 0): Log [] is not defined. at /Users/tycho/bespokeweb/packages/laravel-package-skeleton/vendor/laravel/framework/src/Illuminate/Log/LogManager.php:168)
[stacktrace]
#0 /Users/tycho/bespokeweb/packages/laravel-package-skeleton/vendor/laravel/framework/src/Illuminate/Log/LogManager.php(102): Illuminate\\Log\\LogManager->resolve(NULL)
#1 /Users/tycho/bespokeweb/packages/laravel-package-skeleton/vendor/laravel/framework/src/Illuminate/Log/LogManager.php(90): Illuminate\\Log\\LogManager->get(NULL)
#2 /Users/tycho/bespokeweb/packages/laravel-package-skeleton/vendor/laravel/framework/src/Illuminate/Log/LogManager.php(500): Illuminate\\Log\\LogManager->driver()
#3 /Users/tycho/bespokeweb/packages/laravel-package-skeleton/vendor/laravel/framework/src/Illuminate/Foundation/Exceptions/Handler.php(114): Illuminate\\Log\\LogManager->error('file_put_conten...', Array)
#4 /Users/tycho/bespokeweb/packages/laravel-package-skeleton/vendor/matthewbdaly/artisan-standalone/src/Exceptions/Handler.php(39): Illuminate\\Foundation\\Exceptions\\Handler->report(Object(ErrorException))
#5 /Users/tycho/bespokeweb/packages/laravel-package-skeleton/vendor/laravel/framework/src/Illuminate/Foundation/Console/Kernel.php(367): Matthewbdaly\\ArtisanStandalone\\Exceptions\\Handler->report(Object(ErrorException))
#6 /Users/tycho/bespokeweb/packages/laravel-package-skeleton/vendor/laravel/framework/src/Illuminate/Foundation/Console/Kernel.php(124): Illuminate\\Foundation\\Console\\Kernel->reportException(Object(ErrorException))
#7 /Users/tycho/bespokeweb/packages/laravel-package-skeleton/vendor/matthewbdaly/artisan-standalone/artisan(36): Illuminate\\Foundation\\Console\\Kernel->handle(Object(Symfony\\Component\\Console\\Input\\ArgvInput), Object(Symfony\\Component\\Console\\Output\\ConsoleOutput))
#8 /Users/tycho/bespokeweb/packages/laravel-package-skeleton/artisan(3): include('/Users/tycho/be...')
#9 {main}
"} 
[2019-05-07 07:31:49] laravel.ERROR: file_put_contents(tests/TestCase.php): failed to open stream: No such file or directory {"exception":"[object] (ErrorException(code: 0): file_put_contents(tests/TestCase.php): failed to open stream: No such file or directory at /Users/tycho/bespokeweb/packages/laravel-package-skeleton/src/Helpers/helpers.php:65)
[stacktrace]
#0 [internal function]: Illuminate\\Foundation\\Bootstrap\\HandleExceptions->handleError(2, 'file_put_conten...', '/Users/tycho/be...', 65, Array)
#1 /Users/tycho/bespokeweb/packages/laravel-package-skeleton/src/Helpers/helpers.php(65): file_put_contents('tests/TestCase....', '<?php\
\
declare(...')
#2 /Users/tycho/bespokeweb/packages/laravel-package-skeleton/src/Console/Commands/MakeSkeleton.php(205): file_replace('TestCase.php', Array, 'tests/TestCase....')
#3 /Users/tycho/bespokeweb/packages/laravel-package-skeleton/src/Console/Commands/MakeSkeleton.php(83): Tychovbh\\PackageSkeleton\\Console\\Commands\\MakeSkeleton->testsMake()
#4 [internal function]: Tychovbh\\PackageSkeleton\\Console\\Commands\\MakeSkeleton->handle()
#5 /Users/tycho/bespokeweb/packages/laravel-package-skeleton/vendor/laravel/framework/src/Illuminate/Container/BoundMethod.php(32): call_user_func_array(Array, Array)
#6 /Users/tycho/bespokeweb/packages/laravel-package-skeleton/vendor/laravel/framework/src/Illuminate/Container/BoundMethod.php(90): Illuminate\\Container\\BoundMethod::Illuminate\\Container\\{closure}()
#7 /Users/tycho/bespokeweb/packages/laravel-package-skeleton/vendor/laravel/framework/src/Illuminate/Container/BoundMethod.php(34): Illuminate\\Container\\BoundMethod::callBoundMethod(Object(Matthewbdaly\\ArtisanStandalone\\Base\\Application), Array, Object(Closure))
#8 /Users/tycho/bespokeweb/packages/laravel-package-skeleton/vendor/laravel/framework/src/Illuminate/Container/Container.php(576): Illuminate\\Container\\BoundMethod::call(Object(Matthewbdaly\\ArtisanStandalone\\Base\\Application), Array, Array, NULL)
#9 /Users/tycho/bespokeweb/packages/laravel-package-skeleton/vendor/laravel/framework/src/Illuminate/Console/Command.php(183): Illuminate\\Container\\Container->call(Array)
#10 /Users/tycho/bespokeweb/packages/laravel-package-skeleton/vendor/symfony/console/Command/Command.php(255): Illuminate\\Console\\Command->execute(Object(Symfony\\Component\\Console\\Input\\ArgvInput), Object(Illuminate\\Console\\OutputStyle))
#11 /Users/tycho/bespokeweb/packages/laravel-package-skeleton/vendor/laravel/framework/src/Illuminate/Console/Command.php(170): Symfony\\Component\\Console\\Command\\Command->run(Object(Symfony\\Component\\Console\\Input\\ArgvInput), Object(Illuminate\\Console\\OutputStyle))
#12 /Users/tycho/bespokeweb/packages/laravel-package-skeleton/vendor/symfony/console/Application.php(908): Illuminate\\Console\\Command->run(Object(Symfony\\Component\\Console\\Input\\ArgvInput), Object(Symfony\\Component\\Console\\Output\\ConsoleOutput))
#13 /Users/tycho/bespokeweb/packages/laravel-package-skeleton/vendor/symfony/console/Application.php(269): Symfony\\Component\\Console\\Application->doRunCommand(Object(Tychovbh\\PackageSkeleton\\Console\\Commands\\MakeSkeleton), Object(Symfony\\Component\\Console\\Input\\ArgvInput), Object(Symfony\\Component\\Console\\Output\\ConsoleOutput))
#14 /Users/tycho/bespokeweb/packages/laravel-package-skeleton/vendor/symfony/console/Application.php(145): Symfony\\Component\\Console\\Application->doRun(Object(Symfony\\Component\\Console\\Input\\ArgvInput), Object(Symfony\\Component\\Console\\Output\\ConsoleOutput))
#15 /Users/tycho/bespokeweb/packages/laravel-package-skeleton/vendor/laravel/framework/src/Illuminate/Console/Application.php(90): Symfony\\Component\\Console\\Application->run(Object(Symfony\\Component\\Console\\Input\\ArgvInput), Object(Symfony\\Component\\Console\\Output\\ConsoleOutput))
#16 /Users/tycho/bespokeweb/packages/laravel-package-skeleton/vendor/laravel/framework/src/Illuminate/Foundation/Console/Kernel.php(122): Illuminate\\Console\\Application->run(Object(Symfony\\Component\\Console\\Input\\ArgvInput), Object(Symfony\\Component\\Console\\Output\\ConsoleOutput))
#17 /Users/tycho/bespokeweb/packages/laravel-package-skeleton/vendor/matthewbdaly/artisan-standalone/artisan(36): Illuminate\\Foundation\\Console\\Kernel->handle(Object(Symfony\\Component\\Console\\Input\\ArgvInput), Object(Symfony\\Component\\Console\\Output\\ConsoleOutput))
#18 /Users/tycho/bespokeweb/packages/laravel-package-skeleton/artisan(3): include('/Users/tycho/be...')
#19 {main}
"} 
[2019-05-07 07:40:57] laravel.EMERGENCY: Unable to create configured logger. Using emergency logger. {"exception":"[object] (InvalidArgumentException(code: 0): Log [] is not defined. at /Users/tycho/bespokeweb/packages/laravel-package-skeleton/vendor/laravel/framework/src/Illuminate/Log/LogManager.php:168)
[stacktrace]
#0 /Users/tycho/bespokeweb/packages/laravel-package-skeleton/vendor/laravel/framework/src/Illuminate/Log/LogManager.php(102): Illuminate\\Log\\LogManager->resolve(NULL)
#1 /Users/tycho/bespokeweb/packages/laravel-package-skeleton/vendor/laravel/framework/src/Illuminate/Log/LogManager.php(90): Illuminate\\Log\\LogManager->get(NULL)
#2 /Users/tycho/bespokeweb/packages/laravel-package-skeleton/vendor/laravel/framework/src/Illuminate/Log/LogManager.php(500): Illuminate\\Log\\LogManager->driver()
#3 /Users/tycho/bespokeweb/packages/laravel-package-skeleton/vendor/laravel/framework/src/Illuminate/Foundation/Exceptions/Handler.php(114): Illuminate\\Log\\LogManager->error('file_put_conten...', Array)
#4 /Users/tycho/bespokeweb/packages/laravel-package-skeleton/vendor/matthewbdaly/artisan-standalone/src/Exceptions/Handler.php(39): Illuminate\\Foundation\\Exceptions\\Handler->report(Object(ErrorException))
#5 /Users/tycho/bespokeweb/packages/laravel-package-skeleton/vendor/laravel/framework/src/Illuminate/Foundation/Console/Kernel.php(367): Matthewbdaly\\ArtisanStandalone\\Exceptions\\Handler->report(Object(ErrorException))
#6 /Users/tycho/bespokeweb/packages/laravel-package-skeleton/vendor/laravel/framework/src/Illuminate/Foundation/Console/Kernel.php(124): Illuminate\\Foundation\\Console\\Kernel->reportException(Object(ErrorException))
#7 /Users/tycho/bespokeweb/packages/laravel-package-skeleton/vendor/matthewbdaly/artisan-standalone/artisan(36): Illuminate\\Foundation\\Console\\Kernel->handle(Object(Symfony\\Component\\Console\\Input\\ArgvInput), Object(Symfony\\Component\\Console\\Output\\ConsoleOutput))
#8 /Users/tycho/bespokeweb/packages/laravel-package-skeleton/artisan(3): include('/Users/tycho/be...')
#9 {main}
"} 
[2019-05-07 07:40:57] laravel.ERROR: file_put_contents(tests/TestCase.php): failed to open stream: No such file or directory {"exception":"[object] (ErrorException(code: 0): file_put_contents(tests/TestCase.php): failed to open stream: No such file or directory at /Users/tycho/bespokeweb/packages/laravel-package-skeleton/src/Helpers/helpers.php:69)
[stacktrace]
#0 [internal function]: Illuminate\\Foundation\\Bootstrap\\HandleExceptions->handleError(2, 'file_put_conten...', '/Users/tycho/be...', 69, Array)
#1 /Users/tycho/bespokeweb/packages/laravel-package-skeleton/src/Helpers/helpers.php(69): file_put_contents('tests/TestCase....', '<?php\
\
declare(...')
#2 /Users/tycho/bespokeweb/packages/laravel-package-skeleton/src/Console/Commands/MakeSkeleton.php(205): file_replace('TestCase.php', Array, 'tests/TestCase....')
#3 /Users/tycho/bespokeweb/packages/laravel-package-skeleton/src/Console/Commands/MakeSkeleton.php(83): Tychovbh\\PackageSkeleton\\Console\\Commands\\MakeSkeleton->testsMake()
#4 [internal function]: Tychovbh\\PackageSkeleton\\Console\\Commands\\MakeSkeleton->handle()
#5 /Users/tycho/bespokeweb/packages/laravel-package-skeleton/vendor/laravel/framework/src/Illuminate/Container/BoundMethod.php(32): call_user_func_array(Array, Array)
#6 /Users/tycho/bespokeweb/packages/laravel-package-skeleton/vendor/laravel/framework/src/Illuminate/Container/BoundMethod.php(90): Illuminate\\Container\\BoundMethod::Illuminate\\Container\\{closure}()
#7 /Users/tycho/bespokeweb/packages/laravel-package-skeleton/vendor/laravel/framework/src/Illuminate/Container/BoundMethod.php(34): Illuminate\\Container\\BoundMethod::callBoundMethod(Object(Matthewbdaly\\ArtisanStandalone\\Base\\Application), Array, Object(Closure))
#8 /Users/tycho/bespokeweb/packages/laravel-package-skeleton/vendor/laravel/framework/src/Illuminate/Container/Container.php(576): Illuminate\\Container\\BoundMethod::call(Object(Matthewbdaly\\ArtisanStandalone\\Base\\Application), Array, Array, NULL)
#9 /Users/tycho/bespokeweb/packages/laravel-package-skeleton/vendor/laravel/framework/src/Illuminate/Console/Command.php(183): Illuminate\\Container\\Container->call(Array)
#10 /Users/tycho/bespokeweb/packages/laravel-package-skeleton/vendor/symfony/console/Command/Command.php(255): Illuminate\\Console\\Command->execute(Object(Symfony\\Component\\Console\\Input\\ArgvInput), Object(Illuminate\\Console\\OutputStyle))
#11 /Users/tycho/bespokeweb/packages/laravel-package-skeleton/vendor/laravel/framework/src/Illuminate/Console/Command.php(170): Symfony\\Component\\Console\\Command\\Command->run(Object(Symfony\\Component\\Console\\Input\\ArgvInput), Object(Illuminate\\Console\\OutputStyle))
#12 /Users/tycho/bespokeweb/packages/laravel-package-skeleton/vendor/symfony/console/Application.php(908): Illuminate\\Console\\Command->run(Object(Symfony\\Component\\Console\\Input\\ArgvInput), Object(Symfony\\Component\\Console\\Output\\ConsoleOutput))
#13 /Users/tycho/bespokeweb/packages/laravel-package-skeleton/vendor/symfony/console/Application.php(269): Symfony\\Component\\Console\\Application->doRunCommand(Object(Tychovbh\\PackageSkeleton\\Console\\Commands\\MakeSkeleton), Object(Symfony\\Component\\Console\\Input\\ArgvInput), Object(Symfony\\Component\\Console\\Output\\ConsoleOutput))
#14 /Users/tycho/bespokeweb/packages/laravel-package-skeleton/vendor/symfony/console/Application.php(145): Symfony\\Component\\Console\\Application->doRun(Object(Symfony\\Component\\Console\\Input\\ArgvInput), Object(Symfony\\Component\\Console\\Output\\ConsoleOutput))
#15 /Users/tycho/bespokeweb/packages/laravel-package-skeleton/vendor/laravel/framework/src/Illuminate/Console/Application.php(90): Symfony\\Component\\Console\\Application->run(Object(Symfony\\Component\\Console\\Input\\ArgvInput), Object(Symfony\\Component\\Console\\Output\\ConsoleOutput))
#16 /Users/tycho/bespokeweb/packages/laravel-package-skeleton/vendor/laravel/framework/src/Illuminate/Foundation/Console/Kernel.php(122): Illuminate\\Console\\Application->run(Object(Symfony\\Component\\Console\\Input\\ArgvInput), Object(Symfony\\Component\\Console\\Output\\ConsoleOutput))
#17 /Users/tycho/bespokeweb/packages/laravel-package-skeleton/vendor/matthewbdaly/artisan-standalone/artisan(36): Illuminate\\Foundation\\Console\\Kernel->handle(Object(Symfony\\Component\\Console\\Input\\ArgvInput), Object(Symfony\\Component\\Console\\Output\\ConsoleOutput))
#18 /Users/tycho/bespokeweb/packages/laravel-package-skeleton/artisan(3): include('/Users/tycho/be...')
#19 {main}
"} 
[2019-05-07 07:41:24] laravel.EMERGENCY: Unable to create configured logger. Using emergency logger. {"exception":"[object] (InvalidArgumentException(code: 0): Log [] is not defined. at /Users/tycho/bespokeweb/packages/laravel-package-skeleton/vendor/laravel/framework/src/Illuminate/Log/LogManager.php:168)
[stacktrace]
#0 /Users/tycho/bespokeweb/packages/laravel-package-skeleton/vendor/laravel/framework/src/Illuminate/Log/LogManager.php(102): Illuminate\\Log\\LogManager->resolve(NULL)
#1 /Users/tycho/bespokeweb/packages/laravel-package-skeleton/vendor/laravel/framework/src/Illuminate/Log/LogManager.php(90): Illuminate\\Log\\LogManager->get(NULL)
#2 /Users/tycho/bespokeweb/packages/laravel-package-skeleton/vendor/laravel/framework/src/Illuminate/Log/LogManager.php(500): Illuminate\\Log\\LogManager->driver()
#3 /Users/tycho/bespokeweb/packages/laravel-package-skeleton/vendor/laravel/framework/src/Illuminate/Foundation/Exceptions/Handler.php(114): Illuminate\\Log\\LogManager->error('mkdir(): Invali...', Array)
#4 /Users/tycho/bespokeweb/packages/laravel-package-skeleton/vendor/matthewbdaly/artisan-standalone/src/Exceptions/Handler.php(39): Illuminate\\Foundation\\Exceptions\\Handler->report(Object(ErrorException))
#5 /Users/tycho/bespokeweb/packages/laravel-package-skeleton/vendor/laravel/framework/src/Illuminate/Foundation/Console/Kernel.php(367): Matthewbdaly\\ArtisanStandalone\\Exceptions\\Handler->report(Object(ErrorException))
#6 /Users/tycho/bespokeweb/packages/laravel-package-skeleton/vendor/laravel/framework/src/Illuminate/Foundation/Console/Kernel.php(124): Illuminate\\Foundation\\Console\\Kernel->reportException(Object(ErrorException))
#7 /Users/tycho/bespokeweb/packages/laravel-package-skeleton/vendor/matthewbdaly/artisan-standalone/artisan(36): Illuminate\\Foundation\\Console\\Kernel->handle(Object(Symfony\\Component\\Console\\Input\\ArgvInput), Object(Symfony\\Component\\Console\\Output\\ConsoleOutput))
#8 /Users/tycho/bespokeweb/packages/laravel-package-skeleton/artisan(3): include('/Users/tycho/be...')
#9 {main}
"} 
[2019-05-07 07:41:24] laravel.ERROR: mkdir(): Invalid path {"exception":"[object] (ErrorException(code: 0): mkdir(): Invalid path at /Users/tycho/bespokeweb/packages/laravel-package-skeleton/src/Helpers/helpers.php:82)
[stacktrace]
#0 [internal function]: Illuminate\\Foundation\\Bootstrap\\HandleExceptions->handleError(2, 'mkdir(): Invali...', '/Users/tycho/be...', 82, Array)
#1 /Users/tycho/bespokeweb/packages/laravel-package-skeleton/src/Helpers/helpers.php(82): mkdir('', 511, true)
#2 /Users/tycho/bespokeweb/packages/laravel-package-skeleton/src/Helpers/helpers.php(66): make_directories('test.json')
#3 /Users/tycho/bespokeweb/packages/laravel-package-skeleton/src/Console/Commands/MakeSkeleton.php(108): file_replace('composer.json', Array, 'test.json')
#4 /Users/tycho/bespokeweb/packages/laravel-package-skeleton/src/Console/Commands/MakeSkeleton.php(78): Tychovbh\\PackageSkeleton\\Console\\Commands\\MakeSkeleton->composerMake()
#5 [internal function]: Tychovbh\\PackageSkeleton\\Console\\Commands\\MakeSkeleton->handle()
#6 /Users/tycho/bespokeweb/packages/laravel-package-skeleton/vendor/laravel/framework/src/Illuminate/Container/BoundMethod.php(32): call_user_func_array(Array, Array)
#7 /Users/tycho/bespokeweb/packages/laravel-package-skeleton/vendor/laravel/framework/src/Illuminate/Container/BoundMethod.php(90): Illuminate\\Container\\BoundMethod::Illuminate\\Container\\{closure}()
#8 /Users/tycho/bespokeweb/packages/laravel-package-skeleton/vendor/laravel/framework/src/Illuminate/Container/BoundMethod.php(34): Illuminate\\Container\\BoundMethod::callBoundMethod(Object(Matthewbdaly\\ArtisanStandalone\\Base\\Application), Array, Object(Closure))
#9 /Users/tycho/bespokeweb/packages/laravel-package-skeleton/vendor/laravel/framework/src/Illuminate/Container/Container.php(576): Illuminate\\Container\\BoundMethod::call(Object(Matthewbdaly\\ArtisanStandalone\\Base\\Application), Array, Array, NULL)
#10 /Users/tycho/bespokeweb/packages/laravel-package-skeleton/vendor/laravel/framework/src/Illuminate/Console/Command.php(183): Illuminate\\Container\\Container->call(Array)
#11 /Users/tycho/bespokeweb/packages/laravel-package-skeleton/vendor/symfony/console/Command/Command.php(255): Illuminate\\Console\\Command->execute(Object(Symfony\\Component\\Console\\Input\\ArgvInput), Object(Illuminate\\Console\\OutputStyle))
#12 /Users/tycho/bespokeweb/packages/laravel-package-skeleton/vendor/laravel/framework/src/Illuminate/Console/Command.php(170): Symfony\\Component\\Console\\Command\\Command->run(Object(Symfony\\Component\\Console\\Input\\ArgvInput), Object(Illuminate\\Console\\OutputStyle))
#13 /Users/tycho/bespokeweb/packages/laravel-package-skeleton/vendor/symfony/console/Application.php(908): Illuminate\\Console\\Command->run(Object(Symfony\\Component\\Console\\Input\\ArgvInput), Object(Symfony\\Component\\Console\\Output\\ConsoleOutput))
#14 /Users/tycho/bespokeweb/packages/laravel-package-skeleton/vendor/symfony/console/Application.php(269): Symfony\\Component\\Console\\Application->doRunCommand(Object(Tychovbh\\PackageSkeleton\\Console\\Commands\\MakeSkeleton), Object(Symfony\\Component\\Console\\Input\\ArgvInput), Object(Symfony\\Component\\Console\\Output\\ConsoleOutput))
#15 /Users/tycho/bespokeweb/packages/laravel-package-skeleton/vendor/symfony/console/Application.php(145): Symfony\\Component\\Console\\Application->doRun(Object(Symfony\\Component\\Console\\Input\\ArgvInput), Object(Symfony\\Component\\Console\\Output\\ConsoleOutput))
#16 /Users/tycho/bespokeweb/packages/laravel-package-skeleton/vendor/laravel/framework/src/Illuminate/Console/Application.php(90): Symfony\\Component\\Console\\Application->run(Object(Symfony\\Component\\Console\\Input\\ArgvInput), Object(Symfony\\Component\\Console\\Output\\ConsoleOutput))
#17 /Users/tycho/bespokeweb/packages/laravel-package-skeleton/vendor/laravel/framework/src/Illuminate/Foundation/Console/Kernel.php(122): Illuminate\\Console\\Application->run(Object(Symfony\\Component\\Console\\Input\\ArgvInput), Object(Symfony\\Component\\Console\\Output\\ConsoleOutput))
#18 /Users/tycho/bespokeweb/packages/laravel-package-skeleton/vendor/matthewbdaly/artisan-standalone/artisan(36): Illuminate\\Foundation\\Console\\Kernel->handle(Object(Symfony\\Component\\Console\\Input\\ArgvInput), Object(Symfony\\Component\\Console\\Output\\ConsoleOutput))
#19 /Users/tycho/bespokeweb/packages/laravel-package-skeleton/artisan(3): include('/Users/tycho/be...')
#20 {main}
"} 
[2019-05-07 07:41:39] laravel.EMERGENCY: Unable to create configured logger. Using emergency logger. {"exception":"[object] (InvalidArgumentException(code: 0): Log [] is not defined. at /Users/tycho/bespokeweb/packages/laravel-package-skeleton/vendor/laravel/framework/src/Illuminate/Log/LogManager.php:168)
[stacktrace]
#0 /Users/tycho/bespokeweb/packages/laravel-package-skeleton/vendor/laravel/framework/src/Illuminate/Log/LogManager.php(102): Illuminate\\Log\\LogManager->resolve(NULL)
#1 /Users/tycho/bespokeweb/packages/laravel-package-skeleton/vendor/laravel/framework/src/Illuminate/Log/LogManager.php(90): Illuminate\\Log\\LogManager->get(NULL)
#2 /Users/tycho/bespokeweb/packages/laravel-package-skeleton/vendor/laravel/framework/src/Illuminate/Log/LogManager.php(500): Illuminate\\Log\\LogManager->driver()
#3 /Users/tycho/bespokeweb/packages/laravel-package-skeleton/vendor/laravel/framework/src/Illuminate/Foundation/Exceptions/Handler.php(114): Illuminate\\Log\\LogManager->error('mkdir(): Invali...', Array)
#4 /Users/tycho/bespokeweb/packages/laravel-package-skeleton/vendor/matthewbdaly/artisan-standalone/src/Exceptions/Handler.php(39): Illuminate\\Foundation\\Exceptions\\Handler->report(Object(ErrorException))
#5 /Users/tycho/bespokeweb/packages/laravel-package-skeleton/vendor/laravel/framework/src/Illuminate/Foundation/Console/Kernel.php(367): Matthewbdaly\\ArtisanStandalone\\Exceptions\\Handler->report(Object(ErrorException))
#6 /Users/tycho/bespokeweb/packages/laravel-package-skeleton/vendor/laravel/framework/src/Illuminate/Foundation/Console/Kernel.php(124): Illuminate\\Foundation\\Console\\Kernel->reportException(Object(ErrorException))
#7 /Users/tycho/bespokeweb/packages/laravel-package-skeleton/vendor/matthewbdaly/artisan-standalone/artisan(36): Illuminate\\Foundation\\Console\\Kernel->handle(Object(Symfony\\Component\\Console\\Input\\ArgvInput), Object(Symfony\\Component\\Console\\Output\\ConsoleOutput))
#8 /Users/tycho/bespokeweb/packages/laravel-package-skeleton/artisan(3): include('/Users/tycho/be...')
#9 {main}
"} 
[2019-05-07 07:41:39] laravel.ERROR: mkdir(): Invalid path {"exception":"[object] (ErrorException(code: 0): mkdir(): Invalid path at /Users/tycho/bespokeweb/packages/laravel-package-skeleton/src/Helpers/helpers.php:83)
[stacktrace]
#0 [internal function]: Illuminate\\Foundation\\Bootstrap\\HandleExceptions->handleError(2, 'mkdir(): Invali...', '/Users/tycho/be...', 83, Array)
#1 /Users/tycho/bespokeweb/packages/laravel-package-skeleton/src/Helpers/helpers.php(83): mkdir('', 511, true)
#2 /Users/tycho/bespokeweb/packages/laravel-package-skeleton/src/Helpers/helpers.php(66): make_directories('test.json')
#3 /Users/tycho/bespokeweb/packages/laravel-package-skeleton/src/Console/Commands/MakeSkeleton.php(108): file_replace('composer.json', Array, 'test.json')
#4 /Users/tycho/bespokeweb/packages/laravel-package-skeleton/src/Console/Commands/MakeSkeleton.php(78): Tychovbh\\PackageSkeleton\\Console\\Commands\\MakeSkeleton->composerMake()
#5 [internal function]: Tychovbh\\PackageSkeleton\\Console\\Commands\\MakeSkeleton->handle()
#6 /Users/tycho/bespokeweb/packages/laravel-package-skeleton/vendor/laravel/framework/src/Illuminate/Container/BoundMethod.php(32): call_user_func_array(Array, Array)
#7 /Users/tycho/bespokeweb/packages/laravel-package-skeleton/vendor/laravel/framework/src/Illuminate/Container/BoundMethod.php(90): Illuminate\\Container\\BoundMethod::Illuminate\\Container\\{closure}()
#8 /Users/tycho/bespokeweb/packages/laravel-package-skeleton/vendor/laravel/framework/src/Illuminate/Container/BoundMethod.php(34): Illuminate\\Container\\BoundMethod::callBoundMethod(Object(Matthewbdaly\\ArtisanStandalone\\Base\\Application), Array, Object(Closure))
#9 /Users/tycho/bespokeweb/packages/laravel-package-skeleton/vendor/laravel/framework/src/Illuminate/Container/Container.php(576): Illuminate\\Container\\BoundMethod::call(Object(Matthewbdaly\\ArtisanStandalone\\Base\\Application), Array, Array, NULL)
#10 /Users/tycho/bespokeweb/packages/laravel-package-skeleton/vendor/laravel/framework/src/Illuminate/Console/Command.php(183): Illuminate\\Container\\Container->call(Array)
#11 /Users/tycho/bespokeweb/packages/laravel-package-skeleton/vendor/symfony/console/Command/Command.php(255): Illuminate\\Console\\Command->execute(Object(Symfony\\Component\\Console\\Input\\ArgvInput), Object(Illuminate\\Console\\OutputStyle))
#12 /Users/tycho/bespokeweb/packages/laravel-package-skeleton/vendor/laravel/framework/src/Illuminate/Console/Command.php(170): Symfony\\Component\\Console\\Command\\Command->run(Object(Symfony\\Component\\Console\\Input\\ArgvInput), Object(Illuminate\\Console\\OutputStyle))
#13 /Users/tycho/bespokeweb/packages/laravel-package-skeleton/vendor/symfony/console/Application.php(908): Illuminate\\Console\\Command->run(Object(Symfony\\Component\\Console\\Input\\ArgvInput), Object(Symfony\\Component\\Console\\Output\\ConsoleOutput))
#14 /Users/tycho/bespokeweb/packages/laravel-package-skeleton/vendor/symfony/console/Application.php(269): Symfony\\Component\\Console\\Application->doRunCommand(Object(Tychovbh\\PackageSkeleton\\Console\\Commands\\MakeSkeleton), Object(Symfony\\Component\\Console\\Input\\ArgvInput), Object(Symfony\\Component\\Console\\Output\\ConsoleOutput))
#15 /Users/tycho/bespokeweb/packages/laravel-package-skeleton/vendor/symfony/console/Application.php(145): Symfony\\Component\\Console\\Application->doRun(Object(Symfony\\Component\\Console\\Input\\ArgvInput), Object(Symfony\\Component\\Console\\Output\\ConsoleOutput))
#16 /Users/tycho/bespokeweb/packages/laravel-package-skeleton/vendor/laravel/framework/src/Illuminate/Console/Application.php(90): Symfony\\Component\\Console\\Application->run(Object(Symfony\\Component\\Console\\Input\\ArgvInput), Object(Symfony\\Component\\Console\\Output\\ConsoleOutput))
#17 /Users/tycho/bespokeweb/packages/laravel-package-skeleton/vendor/laravel/framework/src/Illuminate/Foundation/Console/Kernel.php(122): Illuminate\\Console\\Application->run(Object(Symfony\\Component\\Console\\Input\\ArgvInput), Object(Symfony\\Component\\Console\\Output\\ConsoleOutput))
#18 /Users/tycho/bespokeweb/packages/laravel-package-skeleton/vendor/matthewbdaly/artisan-standalone/artisan(36): Illuminate\\Foundation\\Console\\Kernel->handle(Object(Symfony\\Component\\Console\\Input\\ArgvInput), Object(Symfony\\Component\\Console\\Output\\ConsoleOutput))
#19 /Users/tycho/bespokeweb/packages/laravel-package-skeleton/artisan(3): include('/Users/tycho/be...')
#20 {main}
"} 
[2019-05-07 07:41:53] laravel.EMERGENCY: Unable to create configured logger. Using emergency logger. {"exception":"[object] (InvalidArgumentException(code: 0): Log [] is not defined. at /Users/tycho/bespokeweb/packages/laravel-package-skeleton/vendor/laravel/framework/src/Illuminate/Log/LogManager.php:168)
[stacktrace]
#0 /Users/tycho/bespokeweb/packages/laravel-package-skeleton/vendor/laravel/framework/src/Illuminate/Log/LogManager.php(102): Illuminate\\Log\\LogManager->resolve(NULL)
#1 /Users/tycho/bespokeweb/packages/laravel-package-skeleton/vendor/laravel/framework/src/Illuminate/Log/LogManager.php(90): Illuminate\\Log\\LogManager->get(NULL)
#2 /Users/tycho/bespokeweb/packages/laravel-package-skeleton/vendor/laravel/framework/src/Illuminate/Log/LogManager.php(500): Illuminate\\Log\\LogManager->driver()
#3 /Users/tycho/bespokeweb/packages/laravel-package-skeleton/vendor/laravel/framework/src/Illuminate/Foundation/Exceptions/Handler.php(114): Illuminate\\Log\\LogManager->error('mkdir(): Invali...', Array)
#4 /Users/tycho/bespokeweb/packages/laravel-package-skeleton/vendor/matthewbdaly/artisan-standalone/src/Exceptions/Handler.php(39): Illuminate\\Foundation\\Exceptions\\Handler->report(Object(ErrorException))
#5 /Users/tycho/bespokeweb/packages/laravel-package-skeleton/vendor/laravel/framework/src/Illuminate/Foundation/Console/Kernel.php(367): Matthewbdaly\\ArtisanStandalone\\Exceptions\\Handler->report(Object(ErrorException))
#6 /Users/tycho/bespokeweb/packages/laravel-package-skeleton/vendor/laravel/framework/src/Illuminate/Foundation/Console/Kernel.php(124): Illuminate\\Foundation\\Console\\Kernel->reportException(Object(ErrorException))
#7 /Users/tycho/bespokeweb/packages/laravel-package-skeleton/vendor/matthewbdaly/artisan-standalone/artisan(36): Illuminate\\Foundation\\Console\\Kernel->handle(Object(Symfony\\Component\\Console\\Input\\ArgvInput), Object(Symfony\\Component\\Console\\Output\\ConsoleOutput))
#8 /Users/tycho/bespokeweb/packages/laravel-package-skeleton/artisan(3): include('/Users/tycho/be...')
#9 {main}
"} 
[2019-05-07 07:41:53] laravel.ERROR: mkdir(): Invalid path {"exception":"[object] (ErrorException(code: 0): mkdir(): Invalid path at /Users/tycho/bespokeweb/packages/laravel-package-skeleton/src/Helpers/helpers.php:83)
[stacktrace]
#0 [internal function]: Illuminate\\Foundation\\Bootstrap\\HandleExceptions->handleError(2, 'mkdir(): Invali...', '/Users/tycho/be...', 83, Array)
#1 /Users/tycho/bespokeweb/packages/laravel-package-skeleton/src/Helpers/helpers.php(83): mkdir('', 511, true)
#2 /Users/tycho/bespokeweb/packages/laravel-package-skeleton/src/Helpers/helpers.php(66): make_directories('test.json')
#3 /Users/tycho/bespokeweb/packages/laravel-package-skeleton/src/Console/Commands/MakeSkeleton.php(108): file_replace('composer.json', Array, 'test.json')
#4 /Users/tycho/bespokeweb/packages/laravel-package-skeleton/src/Console/Commands/MakeSkeleton.php(78): Tychovbh\\PackageSkeleton\\Console\\Commands\\MakeSkeleton->composerMake()
#5 [internal function]: Tychovbh\\PackageSkeleton\\Console\\Commands\\MakeSkeleton->handle()
#6 /Users/tycho/bespokeweb/packages/laravel-package-skeleton/vendor/laravel/framework/src/Illuminate/Container/BoundMethod.php(32): call_user_func_array(Array, Array)
#7 /Users/tycho/bespokeweb/packages/laravel-package-skeleton/vendor/laravel/framework/src/Illuminate/Container/BoundMethod.php(90): Illuminate\\Container\\BoundMethod::Illuminate\\Container\\{closure}()
#8 /Users/tycho/bespokeweb/packages/laravel-package-skeleton/vendor/laravel/framework/src/Illuminate/Container/BoundMethod.php(34): Illuminate\\Container\\BoundMethod::callBoundMethod(Object(Matthewbdaly\\ArtisanStandalone\\Base\\Application), Array, Object(Closure))
#9 /Users/tycho/bespokeweb/packages/laravel-package-skeleton/vendor/laravel/framework/src/Illuminate/Container/Container.php(576): Illuminate\\Container\\BoundMethod::call(Object(Matthewbdaly\\ArtisanStandalone\\Base\\Application), Array, Array, NULL)
#10 /Users/tycho/bespokeweb/packages/laravel-package-skeleton/vendor/laravel/framework/src/Illuminate/Console/Command.php(183): Illuminate\\Container\\Container->call(Array)
#11 /Users/tycho/bespokeweb/packages/laravel-package-skeleton/vendor/symfony/console/Command/Command.php(255): Illuminate\\Console\\Command->execute(Object(Symfony\\Component\\Console\\Input\\ArgvInput), Object(Illuminate\\Console\\OutputStyle))
#12 /Users/tycho/bespokeweb/packages/laravel-package-skeleton/vendor/laravel/framework/src/Illuminate/Console/Command.php(170): Symfony\\Component\\Console\\Command\\Command->run(Object(Symfony\\Component\\Console\\Input\\ArgvInput), Object(Illuminate\\Console\\OutputStyle))
#13 /Users/tycho/bespokeweb/packages/laravel-package-skeleton/vendor/symfony/console/Application.php(908): Illuminate\\Console\\Command->run(Object(Symfony\\Component\\Console\\Input\\ArgvInput), Object(Symfony\\Component\\Console\\Output\\ConsoleOutput))
#14 /Users/tycho/bespokeweb/packages/laravel-package-skeleton/vendor/symfony/console/Application.php(269): Symfony\\Component\\Console\\Application->doRunCommand(Object(Tychovbh\\PackageSkeleton\\Console\\Commands\\MakeSkeleton), Object(Symfony\\Component\\Console\\Input\\ArgvInput), Object(Symfony\\Component\\Console\\Output\\ConsoleOutput))
#15 /Users/tycho/bespokeweb/packages/laravel-package-skeleton/vendor/symfony/console/Application.php(145): Symfony\\Component\\Console\\Application->doRun(Object(Symfony\\Component\\Console\\Input\\ArgvInput), Object(Symfony\\Component\\Console\\Output\\ConsoleOutput))
#16 /Users/tycho/bespokeweb/packages/laravel-package-skeleton/vendor/laravel/framework/src/Illuminate/Console/Application.php(90): Symfony\\Component\\Console\\Application->run(Object(Symfony\\Component\\Console\\Input\\ArgvInput), Object(Symfony\\Component\\Console\\Output\\ConsoleOutput))
#17 /Users/tycho/bespokeweb/packages/laravel-package-skeleton/vendor/laravel/framework/src/Illuminate/Foundation/Console/Kernel.php(122): Illuminate\\Console\\Application->run(Object(Symfony\\Component\\Console\\Input\\ArgvInput), Object(Symfony\\Component\\Console\\Output\\ConsoleOutput))
#18 /Users/tycho/bespokeweb/packages/laravel-package-skeleton/vendor/matthewbdaly/artisan-standalone/artisan(36): Illuminate\\Foundation\\Console\\Kernel->handle(Object(Symfony\\Component\\Console\\Input\\ArgvInput), Object(Symfony\\Component\\Console\\Output\\ConsoleOutput))
#19 /Users/tycho/bespokeweb/packages/laravel-package-skeleton/artisan(3): include('/Users/tycho/be...')
#20 {main}
"} 
[2019-05-07 07:42:04] laravel.EMERGENCY: Unable to create configured logger. Using emergency logger. {"exception":"[object] (InvalidArgumentException(code: 0): Log [] is not defined. at /Users/tycho/bespokeweb/packages/laravel-package-skeleton/vendor/laravel/framework/src/Illuminate/Log/LogManager.php:168)
[stacktrace]
#0 /Users/tycho/bespokeweb/packages/laravel-package-skeleton/vendor/laravel/framework/src/Illuminate/Log/LogManager.php(102): Illuminate\\Log\\LogManager->resolve(NULL)
#1 /Users/tycho/bespokeweb/packages/laravel-package-skeleton/vendor/laravel/framework/src/Illuminate/Log/LogManager.php(90): Illuminate\\Log\\LogManager->get(NULL)
#2 /Users/tycho/bespokeweb/packages/laravel-package-skeleton/vendor/laravel/framework/src/Illuminate/Log/LogManager.php(500): Illuminate\\Log\\LogManager->driver()
#3 /Users/tycho/bespokeweb/packages/laravel-package-skeleton/vendor/laravel/framework/src/Illuminate/Foundation/Exceptions/Handler.php(114): Illuminate\\Log\\LogManager->error('array_pop() exp...', Array)
#4 /Users/tycho/bespokeweb/packages/laravel-package-skeleton/vendor/matthewbdaly/artisan-standalone/src/Exceptions/Handler.php(39): Illuminate\\Foundation\\Exceptions\\Handler->report(Object(ErrorException))
#5 /Users/tycho/bespokeweb/packages/laravel-package-skeleton/vendor/laravel/framework/src/Illuminate/Foundation/Console/Kernel.php(367): Matthewbdaly\\ArtisanStandalone\\Exceptions\\Handler->report(Object(ErrorException))
#6 /Users/tycho/bespokeweb/packages/laravel-package-skeleton/vendor/laravel/framework/src/Illuminate/Foundation/Console/Kernel.php(124): Illuminate\\Foundation\\Console\\Kernel->reportException(Object(ErrorException))
#7 /Users/tycho/bespokeweb/packages/laravel-package-skeleton/vendor/matthewbdaly/artisan-standalone/artisan(36): Illuminate\\Foundation\\Console\\Kernel->handle(Object(Symfony\\Component\\Console\\Input\\ArgvInput), Object(Symfony\\Component\\Console\\Output\\ConsoleOutput))
#8 /Users/tycho/bespokeweb/packages/laravel-package-skeleton/artisan(3): include('/Users/tycho/be...')
#9 {main}
"} 
[2019-05-07 07:42:04] laravel.ERROR: array_pop() expects parameter 1 to be array, string given {"exception":"[object] (ErrorException(code: 0): array_pop() expects parameter 1 to be array, string given at /Users/tycho/bespokeweb/packages/laravel-package-skeleton/src/Helpers/helpers.php:81)
[stacktrace]
#0 [internal function]: Illuminate\\Foundation\\Bootstrap\\HandleExceptions->handleError(2, 'array_pop() exp...', '/Users/tycho/be...', 81, Array)
#1 /Users/tycho/bespokeweb/packages/laravel-package-skeleton/src/Helpers/helpers.php(81): array_pop('test.json')
#2 /Users/tycho/bespokeweb/packages/laravel-package-skeleton/src/Helpers/helpers.php(66): make_directories('test.json')
#3 /Users/tycho/bespokeweb/packages/laravel-package-skeleton/src/Console/Commands/MakeSkeleton.php(108): file_replace('composer.json', Array, 'test.json')
#4 /Users/tycho/bespokeweb/packages/laravel-package-skeleton/src/Console/Commands/MakeSkeleton.php(78): Tychovbh\\PackageSkeleton\\Console\\Commands\\MakeSkeleton->composerMake()
#5 [internal function]: Tychovbh\\PackageSkeleton\\Console\\Commands\\MakeSkeleton->handle()
#6 /Users/tycho/bespokeweb/packages/laravel-package-skeleton/vendor/laravel/framework/src/Illuminate/Container/BoundMethod.php(32): call_user_func_array(Array, Array)
#7 /Users/tycho/bespokeweb/packages/laravel-package-skeleton/vendor/laravel/framework/src/Illuminate/Container/BoundMethod.php(90): Illuminate\\Container\\BoundMethod::Illuminate\\Container\\{closure}()
#8 /Users/tycho/bespokeweb/packages/laravel-package-skeleton/vendor/laravel/framework/src/Illuminate/Container/BoundMethod.php(34): Illuminate\\Container\\BoundMethod::callBoundMethod(Object(Matthewbdaly\\ArtisanStandalone\\Base\\Application), Array, Object(Closure))
#9 /Users/tycho/bespokeweb/packages/laravel-package-skeleton/vendor/laravel/framework/src/Illuminate/Container/Container.php(576): Illuminate\\Container\\BoundMethod::call(Object(Matthewbdaly\\ArtisanStandalone\\Base\\Application), Array, Array, NULL)
#10 /Users/tycho/bespokeweb/packages/laravel-package-skeleton/vendor/laravel/framework/src/Illuminate/Console/Command.php(183): Illuminate\\Container\\Container->call(Array)
#11 /Users/tycho/bespokeweb/packages/laravel-package-skeleton/vendor/symfony/console/Command/Command.php(255): Illuminate\\Console\\Command->execute(Object(Symfony\\Component\\Console\\Input\\ArgvInput), Object(Illuminate\\Console\\OutputStyle))
#12 /Users/tycho/bespokeweb/packages/laravel-package-skeleton/vendor/laravel/framework/src/Illuminate/Console/Command.php(170): Symfony\\Component\\Console\\Command\\Command->run(Object(Symfony\\Component\\Console\\Input\\ArgvInput), Object(Illuminate\\Console\\OutputStyle))
#13 /Users/tycho/bespokeweb/packages/laravel-package-skeleton/vendor/symfony/console/Application.php(908): Illuminate\\Console\\Command->run(Object(Symfony\\Component\\Console\\Input\\ArgvInput), Object(Symfony\\Component\\Console\\Output\\ConsoleOutput))
#14 /Users/tycho/bespokeweb/packages/laravel-package-skeleton/vendor/symfony/console/Application.php(269): Symfony\\Component\\Console\\Application->doRunCommand(Object(Tychovbh\\PackageSkeleton\\Console\\Commands\\MakeSkeleton), Object(Symfony\\Component\\Console\\Input\\ArgvInput), Object(Symfony\\Component\\Console\\Output\\ConsoleOutput))
#15 /Users/tycho/bespokeweb/packages/laravel-package-skeleton/vendor/symfony/console/Application.php(145): Symfony\\Component\\Console\\Application->doRun(Object(Symfony\\Component\\Console\\Input\\ArgvInput), Object(Symfony\\Component\\Console\\Output\\ConsoleOutput))
#16 /Users/tycho/bespokeweb/packages/laravel-package-skeleton/vendor/laravel/framework/src/Illuminate/Console/Application.php(90): Symfony\\Component\\Console\\Application->run(Object(Symfony\\Component\\Console\\Input\\ArgvInput), Object(Symfony\\Component\\Console\\Output\\ConsoleOutput))
#17 /Users/tycho/bespokeweb/packages/laravel-package-skeleton/vendor/laravel/framework/src/Illuminate/Foundation/Console/Kernel.php(122): Illuminate\\Console\\Application->run(Object(Symfony\\Component\\Console\\Input\\ArgvInput), Object(Symfony\\Component\\Console\\Output\\ConsoleOutput))
#18 /Users/tycho/bespokeweb/packages/laravel-package-skeleton/vendor/matthewbdaly/artisan-standalone/artisan(36): Illuminate\\Foundation\\Console\\Kernel->handle(Object(Symfony\\Component\\Console\\Input\\ArgvInput), Object(Symfony\\Component\\Console\\Output\\ConsoleOutput))
#19 /Users/tycho/bespokeweb/packages/laravel-package-skeleton/artisan(3): include('/Users/tycho/be...')
#20 {main}
"} 
[2019-05-07 07:42:15] laravel.EMERGENCY: Unable to create configured logger. Using emergency logger. {"exception":"[object] (InvalidArgumentException(code: 0): Log [] is not defined. at /Users/tycho/bespokeweb/packages/laravel-package-skeleton/vendor/laravel/framework/src/Illuminate/Log/LogManager.php:168)
[stacktrace]
#0 /Users/tycho/bespokeweb/packages/laravel-package-skeleton/vendor/laravel/framework/src/Illuminate/Log/LogManager.php(102): Illuminate\\Log\\LogManager->resolve(NULL)
#1 /Users/tycho/bespokeweb/packages/laravel-package-skeleton/vendor/laravel/framework/src/Illuminate/Log/LogManager.php(90): Illuminate\\Log\\LogManager->get(NULL)
#2 /Users/tycho/bespokeweb/packages/laravel-package-skeleton/vendor/laravel/framework/src/Illuminate/Log/LogManager.php(500): Illuminate\\Log\\LogManager->driver()
#3 /Users/tycho/bespokeweb/packages/laravel-package-skeleton/vendor/laravel/framework/src/Illuminate/Foundation/Exceptions/Handler.php(114): Illuminate\\Log\\LogManager->error('file_put_conten...', Array)
#4 /Users/tycho/bespokeweb/packages/laravel-package-skeleton/vendor/matthewbdaly/artisan-standalone/src/Exceptions/Handler.php(39): Illuminate\\Foundation\\Exceptions\\Handler->report(Object(ErrorException))
#5 /Users/tycho/bespokeweb/packages/laravel-package-skeleton/vendor/laravel/framework/src/Illuminate/Foundation/Console/Kernel.php(367): Matthewbdaly\\ArtisanStandalone\\Exceptions\\Handler->report(Object(ErrorException))
#6 /Users/tycho/bespokeweb/packages/laravel-package-skeleton/vendor/laravel/framework/src/Illuminate/Foundation/Console/Kernel.php(124): Illuminate\\Foundation\\Console\\Kernel->reportException(Object(ErrorException))
#7 /Users/tycho/bespokeweb/packages/laravel-package-skeleton/vendor/matthewbdaly/artisan-standalone/artisan(36): Illuminate\\Foundation\\Console\\Kernel->handle(Object(Symfony\\Component\\Console\\Input\\ArgvInput), Object(Symfony\\Component\\Console\\Output\\ConsoleOutput))
#8 /Users/tycho/bespokeweb/packages/laravel-package-skeleton/artisan(3): include('/Users/tycho/be...')
#9 {main}
"} 
[2019-05-07 07:42:15] laravel.ERROR: file_put_contents(tests/TestCase.php): failed to open stream: No such file or directory {"exception":"[object] (ErrorException(code: 0): file_put_contents(tests/TestCase.php): failed to open stream: No such file or directory at /Users/tycho/bespokeweb/packages/laravel-package-skeleton/src/Helpers/helpers.php:69)
[stacktrace]
#0 [internal function]: Illuminate\\Foundation\\Bootstrap\\HandleExceptions->handleError(2, 'file_put_conten...', '/Users/tycho/be...', 69, Array)
#1 /Users/tycho/bespokeweb/packages/laravel-package-skeleton/src/Helpers/helpers.php(69): file_put_contents('tests/TestCase....', '<?php\
\
declare(...')
#2 /Users/tycho/bespokeweb/packages/laravel-package-skeleton/src/Console/Commands/MakeSkeleton.php(205): file_replace('TestCase.php', Array, 'tests/TestCase....')
#3 /Users/tycho/bespokeweb/packages/laravel-package-skeleton/src/Console/Commands/MakeSkeleton.php(83): Tychovbh\\PackageSkeleton\\Console\\Commands\\MakeSkeleton->testsMake()
#4 [internal function]: Tychovbh\\PackageSkeleton\\Console\\Commands\\MakeSkeleton->handle()
#5 /Users/tycho/bespokeweb/packages/laravel-package-skeleton/vendor/laravel/framework/src/Illuminate/Container/BoundMethod.php(32): call_user_func_array(Array, Array)
#6 /Users/tycho/bespokeweb/packages/laravel-package-skeleton/vendor/laravel/framework/src/Illuminate/Container/BoundMethod.php(90): Illuminate\\Container\\BoundMethod::Illuminate\\Container\\{closure}()
#7 /Users/tycho/bespokeweb/packages/laravel-package-skeleton/vendor/laravel/framework/src/Illuminate/Container/BoundMethod.php(34): Illuminate\\Container\\BoundMethod::callBoundMethod(Object(Matthewbdaly\\ArtisanStandalone\\Base\\Application), Array, Object(Closure))
#8 /Users/tycho/bespokeweb/packages/laravel-package-skeleton/vendor/laravel/framework/src/Illuminate/Container/Container.php(576): Illuminate\\Container\\BoundMethod::call(Object(Matthewbdaly\\ArtisanStandalone\\Base\\Application), Array, Array, NULL)
#9 /Users/tycho/bespokeweb/packages/laravel-package-skeleton/vendor/laravel/framework/src/Illuminate/Console/Command.php(183): Illuminate\\Container\\Container->call(Array)
#10 /Users/tycho/bespokeweb/packages/laravel-package-skeleton/vendor/symfony/console/Command/Command.php(255): Illuminate\\Console\\Command->execute(Object(Symfony\\Component\\Console\\Input\\ArgvInput), Object(Illuminate\\Console\\OutputStyle))
#11 /Users/tycho/bespokeweb/packages/laravel-package-skeleton/vendor/laravel/framework/src/Illuminate/Console/Command.php(170): Symfony\\Component\\Console\\Command\\Command->run(Object(Symfony\\Component\\Console\\Input\\ArgvInput), Object(Illuminate\\Console\\OutputStyle))
#12 /Users/tycho/bespokeweb/packages/laravel-package-skeleton/vendor/symfony/console/Application.php(908): Illuminate\\Console\\Command->run(Object(Symfony\\Component\\Console\\Input\\ArgvInput), Object(Symfony\\Component\\Console\\Output\\ConsoleOutput))
#13 /Users/tycho/bespokeweb/packages/laravel-package-skeleton/vendor/symfony/console/Application.php(269): Symfony\\Component\\Console\\Application->doRunCommand(Object(Tychovbh\\PackageSkeleton\\Console\\Commands\\MakeSkeleton), Object(Symfony\\Component\\Console\\Input\\ArgvInput), Object(Symfony\\Component\\Console\\Output\\ConsoleOutput))
#14 /Users/tycho/bespokeweb/packages/laravel-package-skeleton/vendor/symfony/console/Application.php(145): Symfony\\Component\\Console\\Application->doRun(Object(Symfony\\Component\\Console\\Input\\ArgvInput), Object(Symfony\\Component\\Console\\Output\\ConsoleOutput))
#15 /Users/tycho/bespokeweb/packages/laravel-package-skeleton/vendor/laravel/framework/src/Illuminate/Console/Application.php(90): Symfony\\Component\\Console\\Application->run(Object(Symfony\\Component\\Console\\Input\\ArgvInput), Object(Symfony\\Component\\Console\\Output\\ConsoleOutput))
#16 /Users/tycho/bespokeweb/packages/laravel-package-skeleton/vendor/laravel/framework/src/Illuminate/Foundation/Console/Kernel.php(122): Illuminate\\Console\\Application->run(Object(Symfony\\Component\\Console\\Input\\ArgvInput), Object(Symfony\\Component\\Console\\Output\\ConsoleOutput))
#17 /Users/tycho/bespokeweb/packages/laravel-package-skeleton/vendor/matthewbdaly/artisan-standalone/artisan(36): Illuminate\\Foundation\\Console\\Kernel->handle(Object(Symfony\\Component\\Console\\Input\\ArgvInput), Object(Symfony\\Component\\Console\\Output\\ConsoleOutput))
#18 /Users/tycho/bespokeweb/packages/laravel-package-skeleton/artisan(3): include('/Users/tycho/be...')
#19 {main}
"} 
